Using pre-set license
Built from '2021.1/staging' branch; Version is '2021.1.20f1 (be552157821d) revision 12473633'; Using compiler version '192528614'; Build Type 'Release'
OS: 'Windows 10 Home; OS build 19044.1586; Version 2009; 64bit' Language: 'en' Physical Memory: 65484 MB
BatchMode: 1, IsHumanControllingUs: 0, StartBugReporterOnCrash: 0, Is64bit: 1, IsPro: 0

COMMAND LINE ARGUMENTS:
C:\Program Files\Unity\Hub\Editor\2021.1.20f1\Editor\Unity.exe
-adb2
-batchMode
-noUpm
-name
AssetImportWorker0
-projectPath
C:/Unity 2D/Unity 2D Platformer
-logFile
Logs/AssetImportWorker0.log
-srvPort
56036
Successfully changed project path to: C:/Unity 2D/Unity 2D Platformer
C:/Unity 2D/Unity 2D Platformer
Using Asset Import Pipeline V2.
Refreshing native plugins compatible for Editor in 92.85 ms, found 4 plugins.
Preloading 0 native plugins for Editor in 0.00 ms.
Initialize engine version: 2021.1.20f1 (be552157821d)
[Subsystems] Discovering subsystems at path C:/Program Files/Unity/Hub/Editor/2021.1.20f1/Editor/Data/Resources/UnitySubsystems
[Subsystems] Discovering subsystems at path C:/Unity 2D/Unity 2D Platformer/Assets
GfxDevice: creating device client; threaded=0; jobified=0
Direct3D:
    Version:  Direct3D 11.0 [level 11.1]
    Renderer: NVIDIA GeForce RTX 2060 SUPER (ID=0x1f06)
    Vendor:   NVIDIA
    VRAM:     8031 MB
    Driver:   30.0.15.1179
Initialize mono
Mono path[0] = 'C:/Program Files/Unity/Hub/Editor/2021.1.20f1/Editor/Data/Managed'
Mono path[1] = 'C:/Program Files/Unity/Hub/Editor/2021.1.20f1/Editor/Data/MonoBleedingEdge/lib/mono/unityjit'
Mono config path = 'C:/Program Files/Unity/Hub/Editor/2021.1.20f1/Editor/Data/MonoBleedingEdge/etc'
Using monoOptions --debugger-agent=transport=dt_socket,embedding=1,server=y,suspend=n,address=127.0.0.1:56380
Begin MonoManager ReloadAssembly
Registering precompiled unity dll's ...
Register platform support module: C:/Program Files/Unity/Hub/Editor/2021.1.20f1/Editor/Data/PlaybackEngines/WebGLSupport/UnityEditor.WebGL.Extensions.dll
Register platform support module: C:/Program Files/Unity/Hub/Editor/2021.1.20f1/Editor/Data/PlaybackEngines/WindowsStandaloneSupport/UnityEditor.WindowsStandalone.Extensions.dll
Registered in 0.003354 seconds.
Native extension for WindowsStandalone target not found
Native extension for WebGL target not found
Refreshing native plugins compatible for Editor in 93.10 ms, found 4 plugins.
Preloading 0 native plugins for Editor in 0.00 ms.
Mono: successfully reloaded assembly
- Completed reload, in  2.484 seconds
Domain Reload Profiling:
	ReloadAssembly (2484ms)
		BeginReloadAssembly (60ms)
			ExecutionOrderSort (0ms)
			DisableScriptedObjects (0ms)
			BackupInstance (0ms)
			ReleaseScriptingObjects (0ms)
			CreateAndSetChildDomain (1ms)
		EndReloadAssembly (400ms)
			LoadAssemblies (57ms)
			RebuildTransferFunctionScriptingTraits (0ms)
			SetupTypeCache (134ms)
			ReleaseScriptCaches (0ms)
			RebuildScriptCaches (24ms)
			SetupLoadedEditorAssemblies (201ms)
				LogAssemblyErrors (0ms)
				InitializePlatformSupportModulesInManaged (6ms)
				SetLoadedEditorAssemblies (0ms)
				RefreshPlugins (93ms)
				BeforeProcessingInitializeOnLoad (1ms)
				ProcessInitializeOnLoadAttributes (77ms)
				ProcessInitializeOnLoadMethodAttributes (23ms)
				AfterProcessingInitializeOnLoad (0ms)
				EditorAssembliesLoaded (0ms)
			ExecutionOrderSort2 (0ms)
			AwakeInstancesAfterBackupRestoration (0ms)
Platform modules already initialized, skipping
Registering precompiled user dll's ...
Registered in 0.007675 seconds.
Begin MonoManager ReloadAssembly
Symbol file LoadedFromMemory doesn't match image C:\Unity 2D\Unity 2D Platformer\Library\PackageCache\com.unity.visualscripting@1.6.1\Editor\VisualScripting.Core\Dependencies\YamlDotNet\Unity.VisualScripting.YamlDotNet.dll
Symbol file LoadedFromMemory doesn't match image C:\Unity 2D\Unity 2D Platformer\Library\PackageCache\com.unity.visualscripting@1.6.1\Editor\VisualScripting.Core\Dependencies\DotNetZip\Unity.VisualScripting.IonicZip.dll
Native extension for WindowsStandalone target not found
Native extension for WebGL target not found
Refreshing native plugins compatible for Editor in 92.15 ms, found 4 plugins.
Preloading 0 native plugins for Editor in 0.00 ms.
Mono: successfully reloaded assembly
- Completed reload, in  1.090 seconds
Domain Reload Profiling:
	ReloadAssembly (1090ms)
		BeginReloadAssembly (138ms)
			ExecutionOrderSort (0ms)
			DisableScriptedObjects (4ms)
			BackupInstance (0ms)
			ReleaseScriptingObjects (0ms)
			CreateAndSetChildDomain (17ms)
		EndReloadAssembly (895ms)
			LoadAssemblies (92ms)
			RebuildTransferFunctionScriptingTraits (0ms)
			SetupTypeCache (288ms)
			ReleaseScriptCaches (1ms)
			RebuildScriptCaches (47ms)
			SetupLoadedEditorAssemblies (393ms)
				LogAssemblyErrors (0ms)
				InitializePlatformSupportModulesInManaged (4ms)
				SetLoadedEditorAssemblies (0ms)
				RefreshPlugins (92ms)
				BeforeProcessingInitializeOnLoad (83ms)
				ProcessInitializeOnLoadAttributes (192ms)
				ProcessInitializeOnLoadMethodAttributes (14ms)
				AfterProcessingInitializeOnLoad (9ms)
				EditorAssembliesLoaded (0ms)
			ExecutionOrderSort2 (0ms)
			AwakeInstancesAfterBackupRestoration (5ms)
Platform modules already initialized, skipping
========================================================================
Worker process is ready to serve import requests
Launched and connected shader compiler UnityShaderCompiler.exe after 0.05 seconds
Refreshing native plugins compatible for Editor in 0.70 ms, found 4 plugins.
Preloading 0 native plugins for Editor in 0.00 ms.
Unloading 3675 Unused Serialized files (Serialized files now loaded: 0)
System memory in use before: 136.3 MB.
System memory in use after: 136.5 MB.

Unloading 30 unused Assets to reduce memory usage. Loaded Objects now: 4125.
Total: 3.084000 ms (FindLiveObjects: 0.280300 ms CreateObjectMapping: 0.098800 ms MarkObjects: 2.648600 ms  DeleteObjects: 0.053400 ms)

AssetImportParameters requested are different than current active one (requested -> active):
  custom:framework-win-MediaFoundation: 216162199b28c13a410421893ffa2e32 -> 
  custom:video-decoder-ogg-theora: a1e56fd34408186e4bbccfd4996cb3dc -> 
  custom:container-muxer-webm: aa71ff27fc2769a1b78a27578f13a17b -> 
  custom:container-demuxer-webm: 4f35f7cbe854078d1ac9338744f61a02 -> 
  custom:container-demuxer-ogg: 62fdf1f143b41e24485cea50d1cbac27 -> 
  custom:video-encoder-webm-vp8: eb34c28f22e8b96e1ab97ce403110664 -> 
  custom:video-decoder-webm-vp8: 9c59270c3fd7afecdb556c50c9e8de78 -> 
  custom:audio-decoder-ogg-vorbis: bf7c407c2cedff20999df2af8eb42d56 -> 
  custom:audio-encoder-webm-vorbis: bf7c407c2cedff20999df2af8eb42d56 -> 
========================================================================
Received Import Request.
  path: Assets/Scenes
  artifactKey: Guid(131a6b21c8605f84396be9f6751fb6e3) Importer(815301076,1909f56bfc062723c751e8b465ee728b)
Start importing Assets/Scenes using Guid(131a6b21c8605f84396be9f6751fb6e3) Importer(815301076,1909f56bfc062723c751e8b465ee728b)  -> (artifact id: 'df75b7d1a31c5b4f73fd45661b403b04') in 0.007705 seconds 
========================================================================
Received Import Request.
  Time since last request: 3.794208 seconds.
  path: Assets/2D Platformer Assets/Starter_Scene.unity
  artifactKey: Guid(12eaea94eaebc5e459e49753ddfd1f78) Importer(815301076,1909f56bfc062723c751e8b465ee728b)
Start importing Assets/2D Platformer Assets/Starter_Scene.unity using Guid(12eaea94eaebc5e459e49753ddfd1f78) Importer(815301076,1909f56bfc062723c751e8b465ee728b)  -> (artifact id: '77d7b6301f099b4cf62b096b0baaacaf') in 0.011531 seconds 
========================================================================
Received Import Request.
  Time since last request: 211.330211 seconds.
  path: Assets/2D Platformer Assets/Graphics
  artifactKey: Guid(75c810de16a0ee84fbb6e24f55502cf7) Importer(815301076,1909f56bfc062723c751e8b465ee728b)
Start importing Assets/2D Platformer Assets/Graphics using Guid(75c810de16a0ee84fbb6e24f55502cf7) Importer(815301076,1909f56bfc062723c751e8b465ee728b)  -> (artifact id: '9942c74fc603259bbf027e9104c99293') in 0.004350 seconds 
========================================================================
Received Import Request.
  Time since last request: 1.979410 seconds.
  path: Assets/2D Platformer Assets/Graphics/Player
  artifactKey: Guid(d8561e93fb0885643a928ae0cc44de1b) Importer(815301076,1909f56bfc062723c751e8b465ee728b)
Start importing Assets/2D Platformer Assets/Graphics/Player using Guid(d8561e93fb0885643a928ae0cc44de1b) Importer(815301076,1909f56bfc062723c751e8b465ee728b)  -> (artifact id: 'df38bdeab61aae299dfac0f7c7bd1165') in 0.004074 seconds 
========================================================================
Received Import Request.
  Time since last request: 1.841438 seconds.
  path: Assets/2D Platformer Assets/Graphics/Player/player-jump.png
  artifactKey: Guid(c75bbcc065e590849ab334ba2c39e1e1) Importer(815301076,1909f56bfc062723c751e8b465ee728b)
Start importing Assets/2D Platformer Assets/Graphics/Player/player-jump.png using Guid(c75bbcc065e590849ab334ba2c39e1e1) Importer(815301076,1909f56bfc062723c751e8b465ee728b)  -> (artifact id: '121f6c2d70baa6d28cd9a23013078903') in 0.095696 seconds 
========================================================================
Received Import Request.
  Time since last request: 0.918137 seconds.
  path: Assets/2D Platformer Assets/Graphics/Player/player-idle.png
  artifactKey: Guid(d0ff653f4b4d3f14dab1926a9ed3efb6) Importer(815301076,1909f56bfc062723c751e8b465ee728b)
Start importing Assets/2D Platformer Assets/Graphics/Player/player-idle.png using Guid(d0ff653f4b4d3f14dab1926a9ed3efb6) Importer(815301076,1909f56bfc062723c751e8b465ee728b)  -> (artifact id: 'e4992581e3faba96986e655e2ea51420') in 0.022110 seconds 
========================================================================
Received Import Request.
  Time since last request: 2.977187 seconds.
  path: Assets/2D Platformer Assets/Graphics/Player/player-climb.png
  artifactKey: Guid(c179a7ff3bcc4ad439e0d86f33b96480) Importer(815301076,1909f56bfc062723c751e8b465ee728b)
Start importing Assets/2D Platformer Assets/Graphics/Player/player-climb.png using Guid(c179a7ff3bcc4ad439e0d86f33b96480) Importer(815301076,1909f56bfc062723c751e8b465ee728b)  -> (artifact id: '1c62ae82e9fcaf4e7b6714e51ccc09c4') in 0.018501 seconds 
========================================================================
Received Import Request.
  Time since last request: 0.000206 seconds.
  path: Assets/2D Platformer Assets/Graphics/Player/player-crouch.png
  artifactKey: Guid(83a68f06629a6f649bf9d5572c17e7d7) Importer(815301076,1909f56bfc062723c751e8b465ee728b)
Start importing Assets/2D Platformer Assets/Graphics/Player/player-crouch.png using Guid(83a68f06629a6f649bf9d5572c17e7d7) Importer(815301076,1909f56bfc062723c751e8b465ee728b)  -> (artifact id: 'e3efbd9bccafa1ea81493da25cf3b20a') in 0.016041 seconds 
========================================================================
Received Import Request.
  Time since last request: 0.000216 seconds.
  path: Assets/2D Platformer Assets/Graphics/Player/player-run.png
  artifactKey: Guid(e584515e5484cf8449d6aaaef8f6c4f0) Importer(815301076,1909f56bfc062723c751e8b465ee728b)
Start importing Assets/2D Platformer Assets/Graphics/Player/player-run.png using Guid(e584515e5484cf8449d6aaaef8f6c4f0) Importer(815301076,1909f56bfc062723c751e8b465ee728b)  -> (artifact id: 'b86bfdd01a69c90a7fcea463123ce51d') in 0.032686 seconds 
========================================================================
Received Import Request.
  Time since last request: 0.000170 seconds.
  path: Assets/2D Platformer Assets/Graphics/Player/player-hurt.png
  artifactKey: Guid(0fee9a55d5bdb214980ef65ca7f08461) Importer(815301076,1909f56bfc062723c751e8b465ee728b)
Start importing Assets/2D Platformer Assets/Graphics/Player/player-hurt.png using Guid(0fee9a55d5bdb214980ef65ca7f08461) Importer(815301076,1909f56bfc062723c751e8b465ee728b)  -> (artifact id: 'df38d62eceb2416282e7e0f82c951e1c') in 0.021989 seconds 
========================================================================
Received Import Request.
  Time since last request: 96.485213 seconds.
  path: Assets/2D Platformer Assets/Graphics/Player/player-idle.png
  artifactKey: Guid(d0ff653f4b4d3f14dab1926a9ed3efb6) Importer(815301076,1909f56bfc062723c751e8b465ee728b)
Start importing Assets/2D Platformer Assets/Graphics/Player/player-idle.png using Guid(d0ff653f4b4d3f14dab1926a9ed3efb6) Importer(815301076,1909f56bfc062723c751e8b465ee728b)  -> (artifact id: '2a8c20c62d81bc0674403d10735f8117') in 0.018410 seconds 
========================================================================
Received Import Request.
  Time since last request: 7.036922 seconds.
  path: Assets/2D Platformer Assets/Graphics/Player/player-idle.png
  artifactKey: Guid(d0ff653f4b4d3f14dab1926a9ed3efb6) Importer(815301076,1909f56bfc062723c751e8b465ee728b)
Start importing Assets/2D Platformer Assets/Graphics/Player/player-idle.png using Guid(d0ff653f4b4d3f14dab1926a9ed3efb6) Importer(815301076,1909f56bfc062723c751e8b465ee728b)  -> (artifact id: '5d4ec5fbcba039ca8350616dde85b284') in 0.014709 seconds 
========================================================================
Received Import Request.
  Time since last request: 41.729540 seconds.
  path: Assets/2D Platformer Assets/Graphics/Player/player-idle.png
  artifactKey: Guid(d0ff653f4b4d3f14dab1926a9ed3efb6) Importer(815301076,1909f56bfc062723c751e8b465ee728b)
Start importing Assets/2D Platformer Assets/Graphics/Player/player-idle.png using Guid(d0ff653f4b4d3f14dab1926a9ed3efb6) Importer(815301076,1909f56bfc062723c751e8b465ee728b)  -> (artifact id: 'caca9d9772dc342ab6c93f1db4409223') in 0.015174 seconds 
========================================================================
Received Import Request.
  Time since last request: 9.457563 seconds.
  path: Assets/2D Platformer Assets/Graphics/Player/player-idle.png
  artifactKey: Guid(d0ff653f4b4d3f14dab1926a9ed3efb6) Importer(815301076,1909f56bfc062723c751e8b465ee728b)
Start importing Assets/2D Platformer Assets/Graphics/Player/player-idle.png using Guid(d0ff653f4b4d3f14dab1926a9ed3efb6) Importer(815301076,1909f56bfc062723c751e8b465ee728b)  -> (artifact id: 'a5fd12eaacad3152d46b1cf2c777b71c') in 0.017949 seconds 
========================================================================
Received Import Request.
  Time since last request: 321.841271 seconds.
  path: Assets/2D Platformer Assets/Graphics/Player/player-idle.png
  artifactKey: Guid(d0ff653f4b4d3f14dab1926a9ed3efb6) Importer(815301076,1909f56bfc062723c751e8b465ee728b)
Start importing Assets/2D Platformer Assets/Graphics/Player/player-idle.png using Guid(d0ff653f4b4d3f14dab1926a9ed3efb6) Importer(815301076,1909f56bfc062723c751e8b465ee728b)  -> (artifact id: '1698a72d7e0ff9da10204956ef4b5181') in 0.015360 seconds 
========================================================================
Received Import Request.
  Time since last request: 120.513685 seconds.
  path: Assets/2D Platformer Assets/Graphics/Player/player-idle.png
  artifactKey: Guid(d0ff653f4b4d3f14dab1926a9ed3efb6) Importer(815301076,1909f56bfc062723c751e8b465ee728b)
Start importing Assets/2D Platformer Assets/Graphics/Player/player-idle.png using Guid(d0ff653f4b4d3f14dab1926a9ed3efb6) Importer(815301076,1909f56bfc062723c751e8b465ee728b)  -> (artifact id: '4954cb5bc18004da9acc8ae9c83f7e9a') in 0.032464 seconds 
========================================================================
Received Import Request.
  Time since last request: 42.313367 seconds.
  path: Assets/2D Platformer Assets/Graphics/Player/player-idle.png
  artifactKey: Guid(d0ff653f4b4d3f14dab1926a9ed3efb6) Importer(815301076,1909f56bfc062723c751e8b465ee728b)
Start importing Assets/2D Platformer Assets/Graphics/Player/player-idle.png using Guid(d0ff653f4b4d3f14dab1926a9ed3efb6) Importer(815301076,1909f56bfc062723c751e8b465ee728b)  -> (artifact id: 'f94e798ef724c48a3162d0b95eb61f4d') in 0.021298 seconds 
========================================================================
Received Import Request.
  Time since last request: 259.887949 seconds.
  path: Assets/2D Platformer Assets/Graphics/Player/player-idle.png
  artifactKey: Guid(d0ff653f4b4d3f14dab1926a9ed3efb6) Importer(815301076,1909f56bfc062723c751e8b465ee728b)
Start importing Assets/2D Platformer Assets/Graphics/Player/player-idle.png using Guid(d0ff653f4b4d3f14dab1926a9ed3efb6) Importer(815301076,1909f56bfc062723c751e8b465ee728b)  -> (artifact id: 'c2afcb754741662c7dc518904f79a869') in 0.023217 seconds 
========================================================================
Received Import Request.
  Time since last request: 390.708229 seconds.
  path: ProjectSettings/TagManager.asset
  artifactKey: Guid(00000000000000003000000000000000) Importer(815301076,1909f56bfc062723c751e8b465ee728b)
Start importing ProjectSettings/TagManager.asset using Guid(00000000000000003000000000000000) Importer(815301076,1909f56bfc062723c751e8b465ee728b)  -> (artifact id: '2fddea6c81ff1bec1e2592361e1ead30') in 0.006704 seconds 
========================================================================
Received Import Request.
  Time since last request: 178.158202 seconds.
  path: ProjectSettings/TagManager.asset
  artifactKey: Guid(00000000000000003000000000000000) Importer(815301076,1909f56bfc062723c751e8b465ee728b)
Start importing ProjectSettings/TagManager.asset using Guid(00000000000000003000000000000000) Importer(815301076,1909f56bfc062723c751e8b465ee728b)  -> (artifact id: '242a04e15e554ec71a0ebe8c25e4cce8') in 0.004068 seconds 
========================================================================
Received Prepare
Registering precompiled user dll's ...
Registered in 0.007614 seconds.
Begin MonoManager ReloadAssembly
Symbol file LoadedFromMemory doesn't match image C:\Unity 2D\Unity 2D Platformer\Library\PackageCache\com.unity.visualscripting@1.6.1\Editor\VisualScripting.Core\Dependencies\YamlDotNet\Unity.VisualScripting.YamlDotNet.dll
Symbol file LoadedFromMemory doesn't match image C:\Unity 2D\Unity 2D Platformer\Library\PackageCache\com.unity.visualscripting@1.6.1\Editor\VisualScripting.Core\Dependencies\DotNetZip\Unity.VisualScripting.IonicZip.dll
Native extension for WindowsStandalone target not found
Native extension for WebGL target not found
Refreshing native plugins compatible for Editor in 0.70 ms, found 4 plugins.
Preloading 0 native plugins for Editor in 0.00 ms.
Mono: successfully reloaded assembly
- Completed reload, in  0.934 seconds
Domain Reload Profiling:
	ReloadAssembly (935ms)
		BeginReloadAssembly (125ms)
			ExecutionOrderSort (0ms)
			DisableScriptedObjects (6ms)
			BackupInstance (0ms)
			ReleaseScriptingObjects (0ms)
			CreateAndSetChildDomain (34ms)
		EndReloadAssembly (752ms)
			LoadAssemblies (90ms)
			RebuildTransferFunctionScriptingTraits (0ms)
			SetupTypeCache (283ms)
			ReleaseScriptCaches (1ms)
			RebuildScriptCaches (35ms)
			SetupLoadedEditorAssemblies (257ms)
				LogAssemblyErrors (0ms)
				InitializePlatformSupportModulesInManaged (5ms)
				SetLoadedEditorAssemblies (0ms)
				RefreshPlugins (1ms)
				BeforeProcessingInitializeOnLoad (61ms)
				ProcessInitializeOnLoadAttributes (175ms)
				ProcessInitializeOnLoadMethodAttributes (6ms)
				AfterProcessingInitializeOnLoad (9ms)
				EditorAssembliesLoaded (0ms)
			ExecutionOrderSort2 (0ms)
			AwakeInstancesAfterBackupRestoration (13ms)
Platform modules already initialized, skipping
Refreshing native plugins compatible for Editor in 0.64 ms, found 4 plugins.
Preloading 0 native plugins for Editor in 0.00 ms.
Unloading 3671 Unused Serialized files (Serialized files now loaded: 0)
System memory in use before: 145.9 MB.
System memory in use after: 146.2 MB.

Unloading 20 unused Assets to reduce memory usage. Loaded Objects now: 4347.
Total: 3.312200 ms (FindLiveObjects: 0.281300 ms CreateObjectMapping: 0.089100 ms MarkObjects: 2.917900 ms  DeleteObjects: 0.023100 ms)

AssetImportParameters requested are different than current active one (requested -> active):
  custom:framework-win-MediaFoundation: 216162199b28c13a410421893ffa2e32 -> 
  custom:video-decoder-ogg-theora: a1e56fd34408186e4bbccfd4996cb3dc -> 
  custom:container-muxer-webm: aa71ff27fc2769a1b78a27578f13a17b -> 
  custom:container-demuxer-webm: 4f35f7cbe854078d1ac9338744f61a02 -> 
  custom:container-demuxer-ogg: 62fdf1f143b41e24485cea50d1cbac27 -> 
  custom:video-encoder-webm-vp8: eb34c28f22e8b96e1ab97ce403110664 -> 
  custom:video-decoder-webm-vp8: 9c59270c3fd7afecdb556c50c9e8de78 -> 
  custom:audio-decoder-ogg-vorbis: bf7c407c2cedff20999df2af8eb42d56 -> 
  custom:audio-encoder-webm-vorbis: bf7c407c2cedff20999df2af8eb42d56 -> 
========================================================================
Received Prepare
Registering precompiled user dll's ...
Registered in 0.007902 seconds.
Begin MonoManager ReloadAssembly
Symbol file LoadedFromMemory doesn't match image C:\Unity 2D\Unity 2D Platformer\Library\PackageCache\com.unity.visualscripting@1.6.1\Editor\VisualScripting.Core\Dependencies\YamlDotNet\Unity.VisualScripting.YamlDotNet.dll
Symbol file LoadedFromMemory doesn't match image C:\Unity 2D\Unity 2D Platformer\Library\PackageCache\com.unity.visualscripting@1.6.1\Editor\VisualScripting.Core\Dependencies\DotNetZip\Unity.VisualScripting.IonicZip.dll
Native extension for WindowsStandalone target not found
Native extension for WebGL target not found
Refreshing native plugins compatible for Editor in 0.72 ms, found 4 plugins.
Preloading 0 native plugins for Editor in 0.00 ms.
Mono: successfully reloaded assembly
- Completed reload, in  0.989 seconds
Domain Reload Profiling:
	ReloadAssembly (990ms)
		BeginReloadAssembly (125ms)
			ExecutionOrderSort (0ms)
			DisableScriptedObjects (7ms)
			BackupInstance (0ms)
			ReleaseScriptingObjects (0ms)
			CreateAndSetChildDomain (34ms)
		EndReloadAssembly (797ms)
			LoadAssemblies (95ms)
			RebuildTransferFunctionScriptingTraits (0ms)
			SetupTypeCache (296ms)
			ReleaseScriptCaches (1ms)
			RebuildScriptCaches (38ms)
			SetupLoadedEditorAssemblies (274ms)
				LogAssemblyErrors (0ms)
				InitializePlatformSupportModulesInManaged (5ms)
				SetLoadedEditorAssemblies (0ms)
				RefreshPlugins (1ms)
				BeforeProcessingInitializeOnLoad (65ms)
				ProcessInitializeOnLoadAttributes (186ms)
				ProcessInitializeOnLoadMethodAttributes (7ms)
				AfterProcessingInitializeOnLoad (9ms)
				EditorAssembliesLoaded (0ms)
			ExecutionOrderSort2 (0ms)
			AwakeInstancesAfterBackupRestoration (13ms)
Platform modules already initialized, skipping
Refreshing native plugins compatible for Editor in 0.73 ms, found 4 plugins.
Preloading 0 native plugins for Editor in 0.00 ms.
Unloading 3665 Unused Serialized files (Serialized files now loaded: 0)
System memory in use before: 145.7 MB.
System memory in use after: 146.0 MB.

Unloading 18 unused Assets to reduce memory usage. Loaded Objects now: 4350.
Total: 3.448900 ms (FindLiveObjects: 0.357000 ms CreateObjectMapping: 0.091200 ms MarkObjects: 2.981800 ms  DeleteObjects: 0.018000 ms)

AssetImportParameters requested are different than current active one (requested -> active):
  custom:framework-win-MediaFoundation: 216162199b28c13a410421893ffa2e32 -> 
  custom:video-decoder-ogg-theora: a1e56fd34408186e4bbccfd4996cb3dc -> 
  custom:container-muxer-webm: aa71ff27fc2769a1b78a27578f13a17b -> 
  custom:container-demuxer-webm: 4f35f7cbe854078d1ac9338744f61a02 -> 
  custom:container-demuxer-ogg: 62fdf1f143b41e24485cea50d1cbac27 -> 
  custom:video-encoder-webm-vp8: eb34c28f22e8b96e1ab97ce403110664 -> 
  custom:video-decoder-webm-vp8: 9c59270c3fd7afecdb556c50c9e8de78 -> 
  custom:audio-decoder-ogg-vorbis: bf7c407c2cedff20999df2af8eb42d56 -> 
  custom:audio-encoder-webm-vorbis: bf7c407c2cedff20999df2af8eb42d56 -> 
========================================================================
Received Prepare
Registering precompiled user dll's ...
Registered in 0.007690 seconds.
Begin MonoManager ReloadAssembly
Symbol file LoadedFromMemory doesn't match image C:\Unity 2D\Unity 2D Platformer\Library\PackageCache\com.unity.visualscripting@1.6.1\Editor\VisualScripting.Core\Dependencies\YamlDotNet\Unity.VisualScripting.YamlDotNet.dll
Symbol file LoadedFromMemory doesn't match image C:\Unity 2D\Unity 2D Platformer\Library\PackageCache\com.unity.visualscripting@1.6.1\Editor\VisualScripting.Core\Dependencies\DotNetZip\Unity.VisualScripting.IonicZip.dll
Native extension for WindowsStandalone target not found
Native extension for WebGL target not found
Refreshing native plugins compatible for Editor in 0.74 ms, found 4 plugins.
Preloading 0 native plugins for Editor in 0.00 ms.
Mono: successfully reloaded assembly
- Completed reload, in  0.955 seconds
Domain Reload Profiling:
	ReloadAssembly (956ms)
		BeginReloadAssembly (131ms)
			ExecutionOrderSort (0ms)
			DisableScriptedObjects (7ms)
			BackupInstance (0ms)
			ReleaseScriptingObjects (0ms)
			CreateAndSetChildDomain (33ms)
		EndReloadAssembly (767ms)
			LoadAssemblies (99ms)
			RebuildTransferFunctionScriptingTraits (0ms)
			SetupTypeCache (284ms)
			ReleaseScriptCaches (1ms)
			RebuildScriptCaches (37ms)
			SetupLoadedEditorAssemblies (271ms)
				LogAssemblyErrors (0ms)
				InitializePlatformSupportModulesInManaged (5ms)
				SetLoadedEditorAssemblies (0ms)
				RefreshPlugins (1ms)
				BeforeProcessingInitializeOnLoad (62ms)
				ProcessInitializeOnLoadAttributes (188ms)
				ProcessInitializeOnLoadMethodAttributes (6ms)
				AfterProcessingInitializeOnLoad (9ms)
				EditorAssembliesLoaded (0ms)
			ExecutionOrderSort2 (0ms)
			AwakeInstancesAfterBackupRestoration (13ms)
Platform modules already initialized, skipping
Refreshing native plugins compatible for Editor in 0.63 ms, found 4 plugins.
Preloading 0 native plugins for Editor in 0.00 ms.
Unloading 3665 Unused Serialized files (Serialized files now loaded: 0)
System memory in use before: 145.8 MB.
System memory in use after: 146.0 MB.

Unloading 18 unused Assets to reduce memory usage. Loaded Objects now: 4353.
Total: 3.395200 ms (FindLiveObjects: 0.291900 ms CreateObjectMapping: 0.088500 ms MarkObjects: 2.994900 ms  DeleteObjects: 0.018700 ms)

AssetImportParameters requested are different than current active one (requested -> active):
  custom:framework-win-MediaFoundation: 216162199b28c13a410421893ffa2e32 -> 
  custom:video-decoder-ogg-theora: a1e56fd34408186e4bbccfd4996cb3dc -> 
  custom:container-muxer-webm: aa71ff27fc2769a1b78a27578f13a17b -> 
  custom:container-demuxer-webm: 4f35f7cbe854078d1ac9338744f61a02 -> 
  custom:container-demuxer-ogg: 62fdf1f143b41e24485cea50d1cbac27 -> 
  custom:video-encoder-webm-vp8: eb34c28f22e8b96e1ab97ce403110664 -> 
  custom:video-decoder-webm-vp8: 9c59270c3fd7afecdb556c50c9e8de78 -> 
  custom:audio-decoder-ogg-vorbis: bf7c407c2cedff20999df2af8eb42d56 -> 
  custom:audio-encoder-webm-vorbis: bf7c407c2cedff20999df2af8eb42d56 -> 
